<?xml version="1.0" encoding="UTF-8"?>
<robot generator="Robot 6.1.1 (Python 3.9.18 on darwin)" generated="20231115 11:40:48.490" rpa="false" schemaversion="4">
<suite id="s1" name="Classify Text Files" source="/Users/germangnetov/Desktop/Classifier/classify_text_files.robot">
<test id="s1-t1" name="Classify Text Files" line="12">
<kw name="Create Session" library="RequestsLibrary">
<arg>MySession</arg>
<arg>${SERVER_URL}</arg>
<doc>Create Session: create a HTTP session to a server</doc>
<msg timestamp="20231115 11:40:48.538" level="INFO">Creating Session using : alias=MySession, url=http://127.0.0.1:5000, headers={},                     cookies={}, auth=None, timeout=None, proxies=None, verify=False,                     debug=0 </msg>
<status status="PASS" starttime="20231115 11:40:48.538" endtime="20231115 11:40:48.538"/>
</kw>
<kw name="List Files In Directory" library="OperatingSystem">
<var>${files}</var>
<arg>${DIRECTORY}</arg>
<arg>*.txt</arg>
<doc>Wrapper for `List Directory` that returns only files.</doc>
<msg timestamp="20231115 11:40:48.539" level="INFO" html="true">Listing contents of directory '&lt;a href="file:///Users/germangnetov/Desktop/Classifier/emails"&gt;/Users/germangnetov/Desktop/Classifier/emails&lt;/a&gt;'.</msg>
<msg timestamp="20231115 11:40:48.539" level="INFO">2 files:
1.txt
2.txt</msg>
<msg timestamp="20231115 11:40:48.539" level="INFO">${files} = ['1.txt', '2.txt']</msg>
<status status="PASS" starttime="20231115 11:40:48.539" endtime="20231115 11:40:48.539"/>
</kw>
<kw name="Create List" library="BuiltIn">
<var>${results}</var>
<doc>Returns a list containing given items.</doc>
<msg timestamp="20231115 11:40:48.539" level="INFO">${results} = []</msg>
<status status="PASS" starttime="20231115 11:40:48.539" endtime="20231115 11:40:48.539"/>
</kw>
<for flavor="IN">
<var>${file}</var>
<value>@{files}</value>
<iter>
<var name="${file}">1.txt</var>
<kw name="Join Path" library="OperatingSystem">
<var>${file_path}</var>
<arg>${DIRECTORY}</arg>
<arg>${file}</arg>
<doc>Joins the given path part(s) to the given base path.</doc>
<msg timestamp="20231115 11:40:48.539" level="INFO">${file_path} = emails/1.txt</msg>
<status status="PASS" starttime="20231115 11:40:48.539" endtime="20231115 11:40:48.539"/>
</kw>
<kw name="Get File" library="OperatingSystem">
<var>${text}</var>
<arg>${file_path}</arg>
<doc>Returns the contents of a specified file.</doc>
<msg timestamp="20231115 11:40:48.539" level="INFO" html="true">Getting file '&lt;a href="file:///Users/germangnetov/Desktop/Classifier/emails/1.txt"&gt;/Users/germangnetov/Desktop/Classifier/emails/1.txt&lt;/a&gt;'.</msg>
<msg timestamp="20231115 11:40:48.539" level="INFO">${text} = Dear German Gnetov, Academia’s mission is to accelerate the world’s research. You can use Academia to access millions of academic papers for free, share your research and track its impact.</msg>
<status status="PASS" starttime="20231115 11:40:48.539" endtime="20231115 11:40:48.539"/>
</kw>
<kw name="Run Keyword And Ignore Error" library="BuiltIn">
<var>${status}</var>
<var>${response}</var>
<arg>Classify Text</arg>
<arg>MySession</arg>
<arg>${text}</arg>
<doc>Runs the given keyword with the given arguments and ignores possible error.</doc>
<kw name="Classify Text">
<arg>MySession</arg>
<arg>${text}</arg>
<kw name="Create Dictionary" library="BuiltIn">
<var>&amp;{data}</var>
<arg>text=${text}</arg>
<doc>Creates and returns a dictionary based on the given ``items``.</doc>
<msg timestamp="20231115 11:40:48.540" level="INFO">&amp;{data} = { text=Dear German Gnetov, Academia’s mission is to accelerate the world’s research. You can use Academia to access millions of academic papers for free, share your research and track its impact. }</msg>
<status status="PASS" starttime="20231115 11:40:48.540" endtime="20231115 11:40:48.540"/>
</kw>
<kw name="POST On Session" library="RequestsLibrary">
<var>${response}</var>
<arg>${session}</arg>
<arg>/classify</arg>
<arg>data=&amp;{data}</arg>
<doc>Sends a POST request on a previously created HTTP Session.</doc>
<msg timestamp="20231115 11:40:48.546" level="INFO">POST Request : url=http://127.0.0.1:5000/classify 
 path_url=/classify 
 headers={'User-Agent': 'python-requests/2.31.0', 'Accept-Encoding': 'gzip, deflate', 'Accept': '*/*', 'Connection': 'keep-alive', 'Content-Length': '213', 'Content-Type': 'application/x-www-form-urlencoded'} 
 body=text=Dear+German+Gnetov%2C+Academia%E2%80%99s+mission+is+to+accelerate+the+world%E2%80%99s+research.+You+can+use+Academia+to+access+millions+of+academic+papers+for+free%2C+share+your+research+and+track+its+impact. 
 </msg>
<msg timestamp="20231115 11:40:48.547" level="INFO">POST Response : url=http://127.0.0.1:5000/classify 
 status=200, reason=OK 
 headers={'Server': 'Werkzeug/2.2.3 Python/3.9.18', 'Date': 'Wed, 15 Nov 2023 10:40:48 GMT', 'Content-Type': 'application/json', 'Content-Length': '35', 'Connection': 'close'} 
 body={
  "classification": "Not Spam"
}
 
 </msg>
<msg timestamp="20231115 11:40:48.547" level="INFO">${response} = &lt;Response [200]&gt;</msg>
<status status="PASS" starttime="20231115 11:40:48.540" endtime="20231115 11:40:48.547"/>
</kw>
<status status="PASS" starttime="20231115 11:40:48.540" endtime="20231115 11:40:48.547"/>
</kw>
<msg timestamp="20231115 11:40:48.547" level="INFO">${status} = PASS</msg>
<msg timestamp="20231115 11:40:48.547" level="INFO">${response} = {'classification': 'Not Spam'}</msg>
<status status="PASS" starttime="20231115 11:40:48.540" endtime="20231115 11:40:48.547"/>
</kw>
<if>
<branch type="IF" condition="'${status}' != 'PASS'">
<kw name="Log" library="BuiltIn">
<arg>Failed to classify ${file}. Error: ${response}</arg>
<doc>Logs the given message with the given level.</doc>
<status status="NOT RUN" starttime="20231115 11:40:48.547" endtime="20231115 11:40:48.547"/>
</kw>
<kw name="Continue For Loop" library="BuiltIn">
<doc>Skips the current FOR loop iteration and continues from the next.</doc>
<status status="NOT RUN" starttime="20231115 11:40:48.547" endtime="20231115 11:40:48.547"/>
</kw>
<status status="NOT RUN" starttime="20231115 11:40:48.547" endtime="20231115 11:40:48.547"/>
</branch>
<status status="PASS" starttime="20231115 11:40:48.547" endtime="20231115 11:40:48.547"/>
</if>
<kw name="Append To List" library="Collections">
<arg>${results}</arg>
<arg>${file} - ${response['classification']}</arg>
<doc>Adds ``values`` to the end of ``list``.</doc>
<status status="PASS" starttime="20231115 11:40:48.547" endtime="20231115 11:40:48.547"/>
</kw>
<status status="PASS" starttime="20231115 11:40:48.539" endtime="20231115 11:40:48.547"/>
</iter>
<iter>
<var name="${file}">2.txt</var>
<kw name="Join Path" library="OperatingSystem">
<var>${file_path}</var>
<arg>${DIRECTORY}</arg>
<arg>${file}</arg>
<doc>Joins the given path part(s) to the given base path.</doc>
<msg timestamp="20231115 11:40:48.548" level="INFO">${file_path} = emails/2.txt</msg>
<status status="PASS" starttime="20231115 11:40:48.548" endtime="20231115 11:40:48.548"/>
</kw>
<kw name="Get File" library="OperatingSystem">
<var>${text}</var>
<arg>${file_path}</arg>
<doc>Returns the contents of a specified file.</doc>
<msg timestamp="20231115 11:40:48.548" level="INFO" html="true">Getting file '&lt;a href="file:///Users/germangnetov/Desktop/Classifier/emails/2.txt"&gt;/Users/germangnetov/Desktop/Classifier/emails/2.txt&lt;/a&gt;'.</msg>
<msg timestamp="20231115 11:40:48.548" level="INFO">${text} = YOU WON 1 MILLION DOLLARS JUST NOW. CLICK ON THE FOLLOWING LINK TO GET YOUR MONEY!!!</msg>
<status status="PASS" starttime="20231115 11:40:48.548" endtime="20231115 11:40:48.548"/>
</kw>
<kw name="Run Keyword And Ignore Error" library="BuiltIn">
<var>${status}</var>
<var>${response}</var>
<arg>Classify Text</arg>
<arg>MySession</arg>
<arg>${text}</arg>
<doc>Runs the given keyword with the given arguments and ignores possible error.</doc>
<kw name="Classify Text">
<arg>MySession</arg>
<arg>${text}</arg>
<kw name="Create Dictionary" library="BuiltIn">
<var>&amp;{data}</var>
<arg>text=${text}</arg>
<doc>Creates and returns a dictionary based on the given ``items``.</doc>
<msg timestamp="20231115 11:40:48.548" level="INFO">&amp;{data} = { text=YOU WON 1 MILLION DOLLARS JUST NOW. CLICK ON THE FOLLOWING LINK TO GET YOUR MONEY!!! }</msg>
<status status="PASS" starttime="20231115 11:40:48.548" endtime="20231115 11:40:48.548"/>
</kw>
<kw name="POST On Session" library="RequestsLibrary">
<var>${response}</var>
<arg>${session}</arg>
<arg>/classify</arg>
<arg>data=&amp;{data}</arg>
<doc>Sends a POST request on a previously created HTTP Session.</doc>
<msg timestamp="20231115 11:40:48.550" level="INFO">POST Request : url=http://127.0.0.1:5000/classify 
 path_url=/classify 
 headers={'User-Agent': 'python-requests/2.31.0', 'Accept-Encoding': 'gzip, deflate', 'Accept': '*/*', 'Connection': 'keep-alive', 'Content-Length': '95', 'Content-Type': 'application/x-www-form-urlencoded'} 
 body=text=YOU+WON+1+MILLION+DOLLARS+JUST+NOW.+CLICK+ON+THE+FOLLOWING+LINK+TO+GET+YOUR+MONEY%21%21%21 
 </msg>
<msg timestamp="20231115 11:40:48.550" level="INFO">POST Response : url=http://127.0.0.1:5000/classify 
 status=200, reason=OK 
 headers={'Server': 'Werkzeug/2.2.3 Python/3.9.18', 'Date': 'Wed, 15 Nov 2023 10:40:48 GMT', 'Content-Type': 'application/json', 'Content-Length': '31', 'Connection': 'close'} 
 body={
  "classification": "Spam"
}
 
 </msg>
<msg timestamp="20231115 11:40:48.550" level="INFO">${response} = &lt;Response [200]&gt;</msg>
<status status="PASS" starttime="20231115 11:40:48.548" endtime="20231115 11:40:48.550"/>
</kw>
<status status="PASS" starttime="20231115 11:40:48.548" endtime="20231115 11:40:48.550"/>
</kw>
<msg timestamp="20231115 11:40:48.550" level="INFO">${status} = PASS</msg>
<msg timestamp="20231115 11:40:48.550" level="INFO">${response} = {'classification': 'Spam'}</msg>
<status status="PASS" starttime="20231115 11:40:48.548" endtime="20231115 11:40:48.550"/>
</kw>
<if>
<branch type="IF" condition="'${status}' != 'PASS'">
<kw name="Log" library="BuiltIn">
<arg>Failed to classify ${file}. Error: ${response}</arg>
<doc>Logs the given message with the given level.</doc>
<status status="NOT RUN" starttime="20231115 11:40:48.550" endtime="20231115 11:40:48.550"/>
</kw>
<kw name="Continue For Loop" library="BuiltIn">
<doc>Skips the current FOR loop iteration and continues from the next.</doc>
<status status="NOT RUN" starttime="20231115 11:40:48.550" endtime="20231115 11:40:48.550"/>
</kw>
<status status="NOT RUN" starttime="20231115 11:40:48.550" endtime="20231115 11:40:48.550"/>
</branch>
<status status="PASS" starttime="20231115 11:40:48.550" endtime="20231115 11:40:48.551"/>
</if>
<kw name="Append To List" library="Collections">
<arg>${results}</arg>
<arg>${file} - ${response['classification']}</arg>
<doc>Adds ``values`` to the end of ``list``.</doc>
<status status="PASS" starttime="20231115 11:40:48.551" endtime="20231115 11:40:48.551"/>
</kw>
<status status="PASS" starttime="20231115 11:40:48.547" endtime="20231115 11:40:48.551"/>
</iter>
<status status="PASS" starttime="20231115 11:40:48.539" endtime="20231115 11:40:48.551"/>
</for>
<kw name="Log List" library="Collections">
<arg>${results}</arg>
<doc>Logs the length and contents of the ``list`` using given ``level``.</doc>
<msg timestamp="20231115 11:40:48.551" level="INFO">List length is 2 and it contains following items:
0: 1.txt - Not Spam
1: 2.txt - Spam</msg>
<status status="PASS" starttime="20231115 11:40:48.551" endtime="20231115 11:40:48.551"/>
</kw>
<status status="PASS" starttime="20231115 11:40:48.538" endtime="20231115 11:40:48.551"/>
</test>
<doc>A script to classify text files using a Flask app.</doc>
<status status="PASS" starttime="20231115 11:40:48.491" endtime="20231115 11:40:48.551"/>
</suite>
<statistics>
<total>
<stat pass="1" fail="0" skip="0">All Tests</stat>
</total>
<tag>
</tag>
<suite>
<stat pass="1" fail="0" skip="0" id="s1" name="Classify Text Files">Classify Text Files</stat>
</suite>
</statistics>
<errors>
</errors>
</robot>
